<?xml version="1.0" encoding="UTF-8"?>
<!-- Generated by org.testng.reporters.JUnitReportReporter -->
<testsuite hostname="GWTN156-9" failures="0" tests="5" name="steps.TestRunner" time="144.911" errors="0" timestamp="2022-11-01T10:23:19 MST" skipped="0">
  <testcase classname="steps.TestRunner" name="runScenario" time="39.058"/>
  <system-out/>
  <testcase classname="steps.TestRunner" name="runScenario" time="23.120"/>
  <system-out/>
  <testcase classname="steps.TestRunner" name="runScenario" time="37.782"/>
  <system-out/>
  <testcase classname="steps.TestRunner" name="runScenario" time="5.696"/>
  <system-out/>
  <testcase classname="steps.TestRunner" name="runScenario" time="39.255"/>
  <system-out/>
</testsuite> <!-- steps.TestRunner -->
