<?xml version="1.0" encoding="UTF-8"?>
<!-- Generated by org.testng.reporters.JUnitReportReporter -->
<testsuite hostname="GWTN156-9" failures="0" tests="5" name="steps.TestRunner" time="111.976" errors="0" timestamp="2022-03-08T22:02:23 MST" skipped="0">
  <testcase classname="steps.TestRunner" name="runScenario" time="55.188"/>
  <system-out/>
  <testcase classname="steps.TestRunner" name="runScenario" time="5.342"/>
  <system-out/>
  <testcase classname="steps.TestRunner" name="runScenario" time="24.858"/>
  <system-out/>
  <testcase classname="steps.TestRunner" name="runScenario" time="4.827"/>
  <system-out/>
  <testcase classname="steps.TestRunner" name="runScenario" time="21.761"/>
  <system-out/>
</testsuite> <!-- steps.TestRunner -->
